<?xml version="1.0" encoding="UTF-8"?>
<testng-results ignored="0" total="1" passed="1" failed="0" skipped="0">
  <reporter-output>
  </reporter-output>
  <suite started-at="2021-06-28T20:16:36 IST" name="Default suite" finished-at="2021-06-28T20:16:36 IST" duration-ms="123">
    <groups>
    </groups>
    <test started-at="2021-06-28T20:16:36 IST" name="Default test" finished-at="2021-06-28T20:16:36 IST" duration-ms="123">
      <class name="com.test.TestMaven">
        <test-method signature="test1()[pri:0, instance:com.test.TestMaven@5fa07e12]" started-at="2021-06-28T20:16:36 IST" name="test1" finished-at="2021-06-28T20:16:36 IST" duration-ms="19" status="PASS">
          <reporter-output>
          </reporter-output>
        </test-method> <!-- test1 -->
      </class> <!-- com.test.TestMaven -->
    </test> <!-- Default test -->
  </suite> <!-- Default suite -->
</testng-results>
